<?xml version="1.0" encoding="UTF-8"?>
<!-- Generated by org.testng.reporters.JUnitReportReporter -->
<testsuite skipped="0" hostname="TESTING-PC" name="Base.testClass" tests="1" failures="0" timestamp="2019-08-29T13:17:00 IST" time="0.000" errors="0">
  <testcase name="init" time="0.000" classname="Base.testClass"/>
</testsuite> <!-- Base.testClass -->
